{"contracts\\Contract.sol":{"l":{"53":0,"67":0,"68":0,"69":0,"70":0,"71":0,"72":0,"73":0,"74":0,"75":0,"76":0,"77":0,"78":0,"79":0,"80":0,"81":0,"82":0,"83":0,"85":0,"86":0,"87":0,"88":0,"91":0,"92":0,"95":0,"96":0,"98":0,"99":0,"104":0,"105":0,"106":0,"107":0,"109":0,"114":0,"115":0,"116":0,"117":0,"119":0,"128":0,"129":0,"134":0,"135":0,"136":0,"137":0,"138":0,"140":0,"141":0,"142":0,"143":0,"146":0,"147":0,"153":0,"154":0,"158":0,"159":0,"160":0,"161":0,"162":0,"163":0,"164":0,"167":0,"168":0,"169":0,"170":0,"171":0,"174":0,"175":0,"176":0,"177":0,"181":0,"182":0,"183":0,"187":0,"188":0,"189":0,"191":0,"194":0,"195":0,"197":0,"205":0,"211":0,"212":0,"213":0,"214":0,"215":0,"220":0,"228":0,"232":0,"237":0,"242":0,"247":0,"249":0,"250":0,"251":0,"252":0,"253":0,"254":0,"256":0,"261":0,"266":0,"271":0,"275":0,"282":0,"284":0,"285":0,"287":0,"288":0,"289":0,"290":0,"291":0,"292":0,"297":0,"298":0},"path":"E:\\WORK\\House Business\\Off-smartcontract\\contracts\\Contract.sol","s":{"1":0,"2":0,"3":0,"4":0,"5":0,"6":0,"7":0,"8":0,"9":0,"10":0,"11":0,"12":0,"13":0,"14":0,"15":0,"16":0,"17":0,"18":0,"19":0,"20":0,"21":0,"22":0,"23":0,"24":0,"25":0,"26":0,"27":0,"28":0,"29":0,"30":0,"31":0,"32":0,"33":0,"34":0,"35":0,"36":0,"37":0,"38":0,"39":0,"40":0,"41":0,"42":0,"43":0,"44":0,"45":0,"46":0,"47":0,"48":0,"49":0,"50":0,"51":0,"52":0,"53":0,"54":0,"55":0,"56":0,"57":0,"58":0,"59":0,"60":0,"61":0,"62":0,"63":0,"64":0,"65":0,"66":0,"67":0,"68":0,"69":0,"70":0,"71":0,"72":0,"73":0,"74":0},"b":{"1":[0,0],"2":[0,0],"3":[0,0],"4":[0,0],"5":[0,0],"6":[0,0],"7":[0,0],"8":[0,0],"9":[0,0],"10":[0,0],"11":[0,0],"12":[0,0],"13":[0,0],"14":[0,0],"15":[0,0],"16":[0,0],"17":[0,0],"18":[0,0],"19":[0,0],"20":[0,0],"21":[0,0],"22":[0,0],"23":[0,0],"24":[0,0],"25":[0,0]},"f":{"1":0,"2":0,"3":0,"4":0,"5":0,"6":0,"7":0,"8":0,"9":0,"10":0,"11":0,"12":0,"13":0,"14":0,"15":0,"16":0,"17":0},"fnMap":{"1":{"name":"constructor","line":52,"loc":{"start":{"line":52,"column":4},"end":{"line":54,"column":4}}},"2":{"name":"ccCreation","line":57,"loc":{"start":{"line":57,"column":4},"end":{"line":100,"column":4}}},"3":{"name":"getAllContractsByOwner","line":103,"loc":{"start":{"line":103,"column":4},"end":{"line":110,"column":4}}},"4":{"name":"getAllContractsBySigner","line":113,"loc":{"start":{"line":113,"column":4},"end":{"line":120,"column":4}}},"5":{"name":"getContractById","line":127,"loc":{"start":{"line":127,"column":4},"end":{"line":130,"column":4}}},"6":{"name":"addContractSigner","line":133,"loc":{"start":{"line":133,"column":4},"end":{"line":149,"column":4}}},"7":{"name":"signContract","line":152,"loc":{"start":{"line":152,"column":4},"end":{"line":207,"column":4}}},"8":{"name":"sendNotify","line":210,"loc":{"start":{"line":210,"column":4},"end":{"line":229,"column":4}}},"9":{"name":"getUploadedCounter","line":231,"loc":{"start":{"line":231,"column":4},"end":{"line":233,"column":4}}},"10":{"name":"getAllNotifies","line":236,"loc":{"start":{"line":236,"column":4},"end":{"line":238,"column":4}}},"11":{"name":"calcDiv","line":241,"loc":{"start":{"line":241,"column":4},"end":{"line":243,"column":4}}},"12":{"name":"toString","line":246,"loc":{"start":{"line":246,"column":4},"end":{"line":257,"column":4}}},"13":{"name":"addressToString","line":260,"loc":{"start":{"line":260,"column":4},"end":{"line":262,"column":4}}},"14":{"name":"uintToString","line":265,"loc":{"start":{"line":265,"column":4},"end":{"line":267,"column":4}}},"15":{"name":"bytesToString","line":270,"loc":{"start":{"line":270,"column":4},"end":{"line":272,"column":4}}},"16":{"name":"append","line":274,"loc":{"start":{"line":274,"column":4},"end":{"line":276,"column":4}}},"17":{"name":"transferContractOwnership","line":281,"loc":{"start":{"line":281,"column":4},"end":{"line":299,"column":4}}}},"statementMap":{"1":{"start":{"line":68,"column":8},"end":{"line":68,"column":75}},"2":{"start":{"line":81,"column":8},"end":{"line":81,"column":82}},"3":{"start":{"line":82,"column":8},"end":{"line":82,"column":2551}},"4":{"start":{"line":83,"column":12},"end":{"line":83,"column":29}},"5":{"start":{"line":85,"column":12},"end":{"line":85,"column":77}},"6":{"start":{"line":86,"column":12},"end":{"line":86,"column":2754}},"7":{"start":{"line":87,"column":16},"end":{"line":87,"column":2822}},"8":{"start":{"line":91,"column":12},"end":{"line":91,"column":2930}},"9":{"start":{"line":92,"column":16},"end":{"line":92,"column":38}},"10":{"start":{"line":98,"column":8},"end":{"line":98,"column":76}},"11":{"start":{"line":99,"column":8},"end":{"line":99,"column":39}},"12":{"start":{"line":104,"column":8},"end":{"line":104,"column":75}},"13":{"start":{"line":105,"column":8},"end":{"line":105,"column":87}},"14":{"start":{"line":106,"column":8},"end":{"line":106,"column":3534}},"15":{"start":{"line":109,"column":8},"end":{"line":109,"column":24}},"16":{"start":{"line":114,"column":8},"end":{"line":114,"column":67}},"17":{"start":{"line":115,"column":8},"end":{"line":115,"column":78}},"18":{"start":{"line":116,"column":8},"end":{"line":116,"column":3985}},"19":{"start":{"line":119,"column":8},"end":{"line":119,"column":24}},"20":{"start":{"line":128,"column":8},"end":{"line":128,"column":57}},"21":{"start":{"line":129,"column":8},"end":{"line":129,"column":44}},"22":{"start":{"line":134,"column":8},"end":{"line":134,"column":71}},"23":{"start":{"line":135,"column":8},"end":{"line":135,"column":101}},"24":{"start":{"line":136,"column":8},"end":{"line":136,"column":82}},"25":{"start":{"line":138,"column":8},"end":{"line":138,"column":25}},"26":{"start":{"line":140,"column":8},"end":{"line":140,"column":73}},"27":{"start":{"line":141,"column":8},"end":{"line":141,"column":5057}},"28":{"start":{"line":142,"column":12},"end":{"line":142,"column":5121}},"29":{"start":{"line":146,"column":8},"end":{"line":146,"column":5209}},"30":{"start":{"line":147,"column":12},"end":{"line":147,"column":30}},"31":{"start":{"line":153,"column":8},"end":{"line":153,"column":70}},"32":{"start":{"line":154,"column":8},"end":{"line":154,"column":5438}},"33":{"start":{"line":158,"column":8},"end":{"line":158,"column":24}},"34":{"start":{"line":159,"column":8},"end":{"line":159,"column":5651}},"35":{"start":{"line":161,"column":12},"end":{"line":161,"column":5764}},"36":{"start":{"line":166,"column":15},"end":{"line":166,"column":5981}},"37":{"start":{"line":168,"column":12},"end":{"line":168,"column":6100}},"38":{"start":{"line":174,"column":8},"end":{"line":174,"column":6321}},"39":{"start":{"line":175,"column":12},"end":{"line":175,"column":6355}},"40":{"start":{"line":176,"column":16},"end":{"line":176,"column":6451}},"41":{"start":{"line":180,"column":15},"end":{"line":180,"column":6627}},"42":{"start":{"line":181,"column":12},"end":{"line":181,"column":6661}},"43":{"start":{"line":182,"column":16},"end":{"line":182,"column":6764}},"44":{"start":{"line":187,"column":12},"end":{"line":187,"column":35}},"45":{"start":{"line":188,"column":12},"end":{"line":188,"column":7011}},"46":{"start":{"line":194,"column":12},"end":{"line":194,"column":69}},"47":{"start":{"line":195,"column":12},"end":{"line":195,"column":88}},"48":{"start":{"line":197,"column":12},"end":{"line":197,"column":7399}},"49":{"start":{"line":205,"column":12},"end":{"line":205,"column":55}},"50":{"start":{"line":211,"column":8},"end":{"line":211,"column":65}},"51":{"start":{"line":212,"column":8},"end":{"line":212,"column":85}},"52":{"start":{"line":213,"column":8},"end":{"line":213,"column":73}},"53":{"start":{"line":214,"column":8},"end":{"line":214,"column":8124}},"54":{"start":{"line":215,"column":12},"end":{"line":215,"column":8168}},"55":{"start":{"line":220,"column":8},"end":{"line":220,"column":8358}},"56":{"start":{"line":228,"column":8},"end":{"line":228,"column":51}},"57":{"start":{"line":232,"column":8},"end":{"line":232,"column":24}},"58":{"start":{"line":237,"column":8},"end":{"line":237,"column":38}},"59":{"start":{"line":242,"column":8},"end":{"line":242,"column":32}},"60":{"start":{"line":247,"column":8},"end":{"line":247,"column":50}},"61":{"start":{"line":249,"column":8},"end":{"line":249,"column":57}},"62":{"start":{"line":252,"column":8},"end":{"line":252,"column":9398}},"63":{"start":{"line":256,"column":8},"end":{"line":256,"column":26}},"64":{"start":{"line":261,"column":8},"end":{"line":261,"column":50}},"65":{"start":{"line":266,"column":8},"end":{"line":266,"column":48}},"66":{"start":{"line":271,"column":8},"end":{"line":271,"column":48}},"67":{"start":{"line":275,"column":8},"end":{"line":275,"column":45}},"68":{"start":{"line":282,"column":8},"end":{"line":282,"column":68}},"69":{"start":{"line":284,"column":8},"end":{"line":284,"column":62}},"70":{"start":{"line":285,"column":8},"end":{"line":285,"column":41}},"71":{"start":{"line":288,"column":12},"end":{"line":288,"column":10709}},"72":{"start":{"line":289,"column":16},"end":{"line":289,"column":10769}},"73":{"start":{"line":291,"column":20},"end":{"line":291,"column":50}},"74":{"start":{"line":297,"column":8},"end":{"line":297,"column":47}}},"branchMap":{"1":{"line":81,"type":"if","locations":[{"start":{"line":81,"column":8},"end":{"line":81,"column":8}},{"start":{"line":81,"column":8},"end":{"line":81,"column":8}}]},"2":{"line":82,"type":"if","locations":[{"start":{"line":82,"column":8},"end":{"line":82,"column":8}},{"start":{"line":82,"column":8},"end":{"line":82,"column":8}}]},"3":{"line":87,"type":"if","locations":[{"start":{"line":87,"column":16},"end":{"line":87,"column":16}},{"start":{"line":87,"column":16},"end":{"line":87,"column":16}}]},"4":{"line":91,"type":"if","locations":[{"start":{"line":91,"column":12},"end":{"line":91,"column":12}},{"start":{"line":91,"column":12},"end":{"line":91,"column":12}}]},"5":{"line":128,"type":"if","locations":[{"start":{"line":128,"column":8},"end":{"line":128,"column":8}},{"start":{"line":128,"column":8},"end":{"line":128,"column":8}}]},"6":{"line":135,"type":"if","locations":[{"start":{"line":135,"column":8},"end":{"line":135,"column":8}},{"start":{"line":135,"column":8},"end":{"line":135,"column":8}}]},"7":{"line":136,"type":"if","locations":[{"start":{"line":136,"column":8},"end":{"line":136,"column":8}},{"start":{"line":136,"column":8},"end":{"line":136,"column":8}}]},"8":{"line":142,"type":"if","locations":[{"start":{"line":142,"column":12},"end":{"line":142,"column":12}},{"start":{"line":142,"column":12},"end":{"line":142,"column":12}}]},"9":{"line":146,"type":"if","locations":[{"start":{"line":146,"column":8},"end":{"line":146,"column":8}},{"start":{"line":146,"column":8},"end":{"line":146,"column":8}}]},"10":{"line":154,"type":"if","locations":[{"start":{"line":154,"column":8},"end":{"line":154,"column":8}},{"start":{"line":154,"column":8},"end":{"line":154,"column":8}}]},"11":{"line":155,"type":"cond-expr","locations":[{"start":{"line":155,"column":12},"end":{"line":155,"column":47}},{"start":{"line":155,"column":52},"end":{"line":155,"column":94}}]},"12":{"line":159,"type":"if","locations":[{"start":{"line":159,"column":8},"end":{"line":159,"column":8}},{"start":{"line":159,"column":8},"end":{"line":159,"column":8}}]},"13":{"line":161,"type":"if","locations":[{"start":{"line":161,"column":12},"end":{"line":161,"column":12}},{"start":{"line":161,"column":12},"end":{"line":161,"column":12}}]},"14":{"line":166,"type":"if","locations":[{"start":{"line":166,"column":15},"end":{"line":166,"column":15}},{"start":{"line":166,"column":15},"end":{"line":166,"column":15}}]},"15":{"line":168,"type":"if","locations":[{"start":{"line":168,"column":12},"end":{"line":168,"column":12}},{"start":{"line":168,"column":12},"end":{"line":168,"column":12}}]},"16":{"line":174,"type":"if","locations":[{"start":{"line":174,"column":8},"end":{"line":174,"column":8}},{"start":{"line":174,"column":8},"end":{"line":174,"column":8}}]},"17":{"line":176,"type":"if","locations":[{"start":{"line":176,"column":16},"end":{"line":176,"column":16}},{"start":{"line":176,"column":16},"end":{"line":176,"column":16}}]},"18":{"line":180,"type":"if","locations":[{"start":{"line":180,"column":15},"end":{"line":180,"column":15}},{"start":{"line":180,"column":15},"end":{"line":180,"column":15}}]},"19":{"line":182,"type":"if","locations":[{"start":{"line":182,"column":16},"end":{"line":182,"column":16}},{"start":{"line":182,"column":16},"end":{"line":182,"column":16}}]},"20":{"line":188,"type":"if","locations":[{"start":{"line":188,"column":12},"end":{"line":188,"column":12}},{"start":{"line":188,"column":12},"end":{"line":188,"column":12}}]},"21":{"line":212,"type":"if","locations":[{"start":{"line":212,"column":8},"end":{"line":212,"column":8}},{"start":{"line":212,"column":8},"end":{"line":212,"column":8}}]},"22":{"line":214,"type":"if","locations":[{"start":{"line":214,"column":8},"end":{"line":214,"column":8}},{"start":{"line":214,"column":8},"end":{"line":214,"column":8}}]},"23":{"line":215,"type":"if","locations":[{"start":{"line":215,"column":12},"end":{"line":215,"column":12}},{"start":{"line":215,"column":12},"end":{"line":215,"column":12}}]},"24":{"line":282,"type":"if","locations":[{"start":{"line":282,"column":8},"end":{"line":282,"column":8}},{"start":{"line":282,"column":8},"end":{"line":282,"column":8}}]},"25":{"line":289,"type":"if","locations":[{"start":{"line":289,"column":16},"end":{"line":289,"column":16}},{"start":{"line":289,"column":16},"end":{"line":289,"column":16}}]}}},"contracts\\HouseBusiness.sol":{"l":{"214":0,"215":0,"216":0,"217":0,"218":0,"231":0,"244":0,"257":0,"270":0,"283":0,"296":0,"309":0,"322":0,"323":0,"324":0,"328":0,"329":0,"333":0,"337":0,"342":0,"343":0,"345":0,"349":0,"350":0,"354":0,"363":0,"365":0,"367":0,"368":0,"369":0,"370":0,"372":0,"382":0,"384":0,"388":0,"390":0,"401":0,"402":0,"403":0,"404":0,"406":0,"417":0,"418":0,"419":0,"420":0,"421":0,"422":0,"424":0,"429":0,"431":0,"436":0,"438":0,"442":0,"446":0,"456":0,"459":0,"462":0,"463":0,"465":0,"484":0,"496":0,"498":0,"510":0,"514":0,"515":0,"520":0,"524":0,"525":0,"540":0,"541":0,"546":0,"547":0,"560":0,"586":0,"587":0,"588":0,"589":0,"590":0,"591":0,"592":0,"594":0,"620":0,"621":0,"622":0,"623":0,"624":0,"625":0,"626":0,"627":0,"628":0,"629":0,"631":0,"648":0,"650":0,"654":0,"658":0,"663":0,"665":0,"670":0,"672":0,"673":0,"674":0,"678":0,"683":0,"684":0,"689":0,"692":0,"693":0,"694":0,"697":0,"698":0,"701":0,"704":0,"705":0,"706":0,"707":0,"708":0,"711":0,"714":0,"725":0,"726":0,"727":0,"733":0,"736":0,"745":0,"754":0,"756":0,"758":0,"760":0,"761":0,"772":0,"774":0,"775":0,"776":0,"777":0,"789":0,"790":0,"791":0,"792":0,"793":0,"795":0,"800":0,"801":0,"802":0,"803":0,"804":0,"805":0,"808":0,"813":0,"814":0,"816":0,"817":0,"818":0,"822":0,"825":0,"830":0,"831":0,"845":0,"853":0,"862":0,"870":0,"878":0,"883":0,"886":0,"887":0,"889":0,"894":0,"895":0},"path":"E:\\WORK\\House Business\\Off-smartcontract\\contracts\\HouseBusiness.sol","s":{"1":0,"2":0,"3":0,"4":0,"5":0,"6":0,"7":0,"8":0,"9":0,"10":0,"11":0,"12":0,"13":0,"14":0,"15":0,"16":0,"17":0,"18":0,"19":0,"20":0,"21":0,"22":0,"23":0,"24":0,"25":0,"26":0,"27":0,"28":0,"29":0,"30":0,"31":0,"32":0,"33":0,"34":0,"35":0,"36":0,"37":0,"38":0,"39":0,"40":0,"41":0,"42":0,"43":0,"44":0,"45":0,"46":0,"47":0,"48":0,"49":0,"50":0,"51":0,"52":0,"53":0,"54":0,"55":0,"56":0,"57":0,"58":0,"59":0,"60":0,"61":0,"62":0,"63":0,"64":0,"65":0,"66":0,"67":0,"68":0,"69":0,"70":0,"71":0,"72":0,"73":0,"74":0,"75":0,"76":0,"77":0,"78":0,"79":0,"80":0,"81":0,"82":0,"83":0,"84":0,"85":0,"86":0,"87":0,"88":0,"89":0,"90":0,"91":0,"92":0,"93":0,"94":0,"95":0,"96":0,"97":0,"98":0,"99":0,"100":0,"101":0,"102":0,"103":0,"104":0,"105":0,"106":0,"107":0},"b":{"1":[0,0],"2":[0,0],"3":[0,0],"4":[0,0],"5":[0,0],"6":[0,0],"7":[0,0],"8":[0,0],"9":[0,0],"10":[0,0],"11":[0,0],"12":[0,0],"13":[0,0],"14":[0,0],"15":[0,0],"16":[0,0],"17":[0,0],"18":[0,0],"19":[0,0],"20":[0,0],"21":[0,0],"22":[0,0],"23":[0,0],"24":[0,0],"25":[0,0],"26":[0,0],"27":[0,0],"28":[0,0],"29":[0,0],"30":[0,0],"31":[0,0],"32":[0,0],"33":[0,0],"34":[0,0],"35":[0,0],"36":[0,0],"37":[0,0],"38":[0,0],"39":[0,0],"40":[0,0],"41":[0,0],"42":[0,0]},"f":{"1":0,"2":0,"3":0,"4":0,"5":0,"6":0,"7":0,"8":0,"9":0,"10":0,"11":0,"12":0,"13":0,"14":0,"15":0,"16":0,"17":0,"18":0,"19":0,"20":0,"21":0,"22":0,"23":0,"24":0,"25":0,"26":0,"27":0,"28":0,"29":0,"30":0,"31":0,"32":0,"33":0,"34":0,"35":0,"36":0,"37":0,"38":0,"39":0,"40":0,"41":0},"fnMap":{"1":{"name":"constructor","line":213,"loc":{"start":{"line":213,"column":4},"end":{"line":325,"column":4}}},"2":{"name":"onlyMember","line":327,"loc":{"start":{"line":327,"column":4},"end":{"line":330,"column":4}}},"3":{"name":"setCContractAddress","line":332,"loc":{"start":{"line":332,"column":4},"end":{"line":334,"column":4}}},"4":{"name":"setStakingContractAddress","line":336,"loc":{"start":{"line":336,"column":4},"end":{"line":338,"column":4}}},"5":{"name":"setHouseStakedStatus","line":341,"loc":{"start":{"line":341,"column":4},"end":{"line":346,"column":4}}},"6":{"name":"setMinMaxHousePrice","line":348,"loc":{"start":{"line":348,"column":4},"end":{"line":351,"column":4}}},"7":{"name":"setConfigToken","line":353,"loc":{"start":{"line":353,"column":4},"end":{"line":355,"column":4}}},"8":{"name":"setPayable","line":357,"loc":{"start":{"line":357,"column":4},"end":{"line":379,"column":4}}},"9":{"name":"setRoyaltyCreator","line":381,"loc":{"start":{"line":381,"column":4},"end":{"line":385,"column":4}}},"10":{"name":"setRoyaltyMarket","line":387,"loc":{"start":{"line":387,"column":4},"end":{"line":391,"column":4}}},"11":{"name":"disconnectContract","line":396,"loc":{"start":{"line":396,"column":4},"end":{"line":413,"column":4}}},"12":{"name":"changeTokenPrice","line":416,"loc":{"start":{"line":416,"column":4},"end":{"line":425,"column":4}}},"13":{"name":"withdrawToken","line":428,"loc":{"start":{"line":428,"column":4},"end":{"line":432,"column":4}}},"14":{"name":"withdrawETH","line":435,"loc":{"start":{"line":435,"column":4},"end":{"line":439,"column":4}}},"15":{"name":"addMember","line":441,"loc":{"start":{"line":441,"column":4},"end":{"line":443,"column":4}}},"16":{"name":"removeMember","line":445,"loc":{"start":{"line":445,"column":4},"end":{"line":447,"column":4}}},"17":{"name":"mintHouse","line":449,"loc":{"start":{"line":449,"column":4},"end":{"line":506,"column":4}}},"18":{"name":"addAllowList","line":509,"loc":{"start":{"line":509,"column":4},"end":{"line":516,"column":4}}},"19":{"name":"removeAllowList","line":519,"loc":{"start":{"line":519,"column":4},"end":{"line":526,"column":4}}},"20":{"name":"addHistory","line":529,"loc":{"start":{"line":529,"column":4},"end":{"line":573,"column":4}}},"21":{"name":"editHistory","line":576,"loc":{"start":{"line":576,"column":4},"end":{"line":606,"column":4}}},"22":{"name":"addOrEditHType","line":619,"loc":{"start":{"line":609,"column":4},"end":{"line":644,"column":4}}},"23":{"name":"removeHistoryType","line":647,"loc":{"start":{"line":647,"column":4},"end":{"line":651,"column":4}}},"24":{"name":"changeHousePrice","line":653,"loc":{"start":{"line":653,"column":4},"end":{"line":666,"column":4}}},"25":{"name":"buyHouseNft","line":669,"loc":{"start":{"line":669,"column":4},"end":{"line":722,"column":4}}},"26":{"name":"sendValue","line":724,"loc":{"start":{"line":724,"column":4},"end":{"line":728,"column":4}}},"27":{"name":"sendToken","line":731,"loc":{"start":{"line":731,"column":4},"end":{"line":739,"column":4}}},"28":{"name":"_burn","line":741,"loc":{"start":{"line":741,"column":4},"end":{"line":746,"column":4}}},"29":{"name":"_afterTokenTransfer","line":748,"loc":{"start":{"line":748,"column":4},"end":{"line":762,"column":4}}},"30":{"name":"_transferHistoryContracts","line":767,"loc":{"start":{"line":767,"column":4},"end":{"line":785,"column":4}}},"31":{"name":"getAllHouses","line":788,"loc":{"start":{"line":788,"column":4},"end":{"line":796,"column":4}}},"32":{"name":"getAllPayableHouses","line":799,"loc":{"start":{"line":799,"column":4},"end":{"line":809,"column":4}}},"33":{"name":"getAllMyHouses","line":812,"loc":{"start":{"line":812,"column":4},"end":{"line":826,"column":4}}},"34":{"name":"getTokenPrice","line":829,"loc":{"start":{"line":829,"column":4},"end":{"line":832,"column":4}}},"35":{"name":"getTotalInfo","line":838,"loc":{"start":{"line":835,"column":4},"end":{"line":850,"column":4}}},"36":{"name":"isMember","line":852,"loc":{"start":{"line":852,"column":4},"end":{"line":854,"column":4}}},"37":{"name":"tokenURI","line":856,"loc":{"start":{"line":856,"column":4},"end":{"line":863,"column":4}}},"38":{"name":"checkAllowedList","line":865,"loc":{"start":{"line":865,"column":4},"end":{"line":871,"column":4}}},"39":{"name":"getHistory","line":873,"loc":{"start":{"line":873,"column":4},"end":{"line":879,"column":4}}},"40":{"name":"getHistoryType","line":882,"loc":{"start":{"line":882,"column":4},"end":{"line":890,"column":4}}},"41":{"name":"getTokenOwner","line":893,"loc":{"start":{"line":893,"column":4},"end":{"line":896,"column":4}}}},"statementMap":{"1":{"start":{"line":218,"column":8},"end":{"line":218,"column":5972}},"2":{"start":{"line":231,"column":8},"end":{"line":231,"column":6286}},"3":{"start":{"line":244,"column":8},"end":{"line":244,"column":6593}},"4":{"start":{"line":257,"column":8},"end":{"line":257,"column":6899}},"5":{"start":{"line":270,"column":8},"end":{"line":270,"column":7206}},"6":{"start":{"line":283,"column":8},"end":{"line":283,"column":7513}},"7":{"start":{"line":296,"column":8},"end":{"line":296,"column":7824}},"8":{"start":{"line":309,"column":8},"end":{"line":309,"column":8130}},"9":{"start":{"line":328,"column":8},"end":{"line":328,"column":53}},"10":{"start":{"line":342,"column":8},"end":{"line":342,"column":58}},"11":{"start":{"line":345,"column":8},"end":{"line":345,"column":67}},"12":{"start":{"line":363,"column":8},"end":{"line":363,"column":32}},"13":{"start":{"line":365,"column":8},"end":{"line":365,"column":45}},"14":{"start":{"line":367,"column":8},"end":{"line":367,"column":74}},"15":{"start":{"line":368,"column":8},"end":{"line":368,"column":9948}},"16":{"start":{"line":372,"column":8},"end":{"line":372,"column":10076}},"17":{"start":{"line":384,"column":8},"end":{"line":384,"column":69}},"18":{"start":{"line":390,"column":8},"end":{"line":390,"column":68}},"19":{"start":{"line":401,"column":8},"end":{"line":401,"column":55}},"20":{"start":{"line":402,"column":8},"end":{"line":402,"column":65}},"21":{"start":{"line":403,"column":8},"end":{"line":403,"column":54}},"22":{"start":{"line":406,"column":8},"end":{"line":406,"column":11042}},"23":{"start":{"line":417,"column":8},"end":{"line":417,"column":40}},"24":{"start":{"line":418,"column":8},"end":{"line":418,"column":58}},"25":{"start":{"line":419,"column":8},"end":{"line":419,"column":48}},"26":{"start":{"line":420,"column":8},"end":{"line":420,"column":69}},"27":{"start":{"line":424,"column":8},"end":{"line":424,"column":68}},"28":{"start":{"line":429,"column":8},"end":{"line":429,"column":48}},"29":{"start":{"line":431,"column":8},"end":{"line":431,"column":70}},"30":{"start":{"line":436,"column":8},"end":{"line":436,"column":47}},"31":{"start":{"line":438,"column":8},"end":{"line":438,"column":66}},"32":{"start":{"line":456,"column":8},"end":{"line":456,"column":42}},"33":{"start":{"line":459,"column":8},"end":{"line":459,"column":58}},"34":{"start":{"line":462,"column":8},"end":{"line":462,"column":37}},"35":{"start":{"line":463,"column":8},"end":{"line":463,"column":39}},"36":{"start":{"line":484,"column":8},"end":{"line":484,"column":13574}},"37":{"start":{"line":498,"column":8},"end":{"line":498,"column":13957}},"38":{"start":{"line":510,"column":8},"end":{"line":510,"column":14247}},"39":{"start":{"line":515,"column":8},"end":{"line":515,"column":75}},"40":{"start":{"line":520,"column":8},"end":{"line":520,"column":14614}},"41":{"start":{"line":525,"column":8},"end":{"line":525,"column":77}},"42":{"start":{"line":540,"column":8},"end":{"line":540,"column":56}},"43":{"start":{"line":541,"column":8},"end":{"line":541,"column":15301}},"44":{"start":{"line":546,"column":8},"end":{"line":546,"column":62}},"45":{"start":{"line":547,"column":8},"end":{"line":547,"column":15492}},"46":{"start":{"line":560,"column":8},"end":{"line":560,"column":15865}},"47":{"start":{"line":586,"column":8},"end":{"line":586,"column":78}},"48":{"start":{"line":594,"column":8},"end":{"line":594,"column":16854}},"49":{"start":{"line":620,"column":8},"end":{"line":620,"column":68}},"50":{"start":{"line":631,"column":8},"end":{"line":631,"column":17958}},"51":{"start":{"line":650,"column":8},"end":{"line":650,"column":69}},"52":{"start":{"line":654,"column":8},"end":{"line":654,"column":18590}},"53":{"start":{"line":658,"column":8},"end":{"line":658,"column":18766}},"54":{"start":{"line":665,"column":8},"end":{"line":665,"column":61}},"55":{"start":{"line":670,"column":8},"end":{"line":670,"column":47}},"56":{"start":{"line":672,"column":8},"end":{"line":672,"column":65}},"57":{"start":{"line":673,"column":8},"end":{"line":673,"column":58}},"58":{"start":{"line":674,"column":8},"end":{"line":674,"column":19316}},"59":{"start":{"line":678,"column":8},"end":{"line":678,"column":19442}},"60":{"start":{"line":683,"column":8},"end":{"line":683,"column":19589}},"61":{"start":{"line":684,"column":12},"end":{"line":684,"column":19651}},"62":{"start":{"line":692,"column":8},"end":{"line":692,"column":65}},"63":{"start":{"line":693,"column":8},"end":{"line":693,"column":63}},"64":{"start":{"line":694,"column":8},"end":{"line":694,"column":63}},"65":{"start":{"line":697,"column":8},"end":{"line":697,"column":68}},"66":{"start":{"line":698,"column":8},"end":{"line":698,"column":64}},"67":{"start":{"line":701,"column":8},"end":{"line":701,"column":69}},"68":{"start":{"line":714,"column":8},"end":{"line":714,"column":20785}},"69":{"start":{"line":725,"column":8},"end":{"line":725,"column":72}},"70":{"start":{"line":726,"column":8},"end":{"line":726,"column":60}},"71":{"start":{"line":727,"column":8},"end":{"line":727,"column":45}},"72":{"start":{"line":733,"column":8},"end":{"line":733,"column":40}},"73":{"start":{"line":736,"column":8},"end":{"line":736,"column":47}},"74":{"start":{"line":745,"column":8},"end":{"line":745,"column":27}},"75":{"start":{"line":754,"column":8},"end":{"line":754,"column":48}},"76":{"start":{"line":761,"column":8},"end":{"line":761,"column":51}},"77":{"start":{"line":772,"column":8},"end":{"line":772,"column":61}},"78":{"start":{"line":775,"column":12},"end":{"line":775,"column":22766}},"79":{"start":{"line":776,"column":16},"end":{"line":776,"column":22836}},"80":{"start":{"line":777,"column":20},"end":{"line":777,"column":22896}},"81":{"start":{"line":789,"column":8},"end":{"line":789,"column":61}},"82":{"start":{"line":790,"column":8},"end":{"line":790,"column":25}},"83":{"start":{"line":791,"column":8},"end":{"line":791,"column":23306}},"84":{"start":{"line":795,"column":8},"end":{"line":795,"column":25}},"85":{"start":{"line":800,"column":8},"end":{"line":800,"column":38}},"86":{"start":{"line":801,"column":8},"end":{"line":801,"column":21}},"87":{"start":{"line":802,"column":8},"end":{"line":802,"column":23650}},"88":{"start":{"line":803,"column":12},"end":{"line":803,"column":51}},"89":{"start":{"line":804,"column":12},"end":{"line":804,"column":23766}},"90":{"start":{"line":808,"column":8},"end":{"line":808,"column":30}},"91":{"start":{"line":813,"column":8},"end":{"line":813,"column":61}},"92":{"start":{"line":814,"column":8},"end":{"line":814,"column":21}},"93":{"start":{"line":816,"column":8},"end":{"line":816,"column":24150}},"94":{"start":{"line":817,"column":12},"end":{"line":817,"column":24212}},"95":{"start":{"line":825,"column":8},"end":{"line":825,"column":25}},"96":{"start":{"line":830,"column":8},"end":{"line":830,"column":58}},"97":{"start":{"line":831,"column":8},"end":{"line":831,"column":39}},"98":{"start":{"line":845,"column":8},"end":{"line":845,"column":24916}},"99":{"start":{"line":853,"column":8},"end":{"line":853,"column":37}},"100":{"start":{"line":862,"column":8},"end":{"line":862,"column":38}},"101":{"start":{"line":870,"column":8},"end":{"line":870,"column":45}},"102":{"start":{"line":878,"column":8},"end":{"line":878,"column":39}},"103":{"start":{"line":883,"column":8},"end":{"line":883,"column":25831}},"104":{"start":{"line":886,"column":8},"end":{"line":886,"column":25940}},"105":{"start":{"line":889,"column":8},"end":{"line":889,"column":28}},"106":{"start":{"line":894,"column":8},"end":{"line":894,"column":47}},"107":{"start":{"line":895,"column":8},"end":{"line":895,"column":26}}},"branchMap":{"1":{"line":328,"type":"if","locations":[{"start":{"line":328,"column":8},"end":{"line":328,"column":8}},{"start":{"line":328,"column":8},"end":{"line":328,"column":8}}]},"2":{"line":332,"type":"if","locations":[{"start":{"line":332,"column":56},"end":{"line":332,"column":56}},{"start":{"line":332,"column":56},"end":{"line":332,"column":56}}]},"3":{"line":336,"type":"if","locations":[{"start":{"line":336,"column":62},"end":{"line":336,"column":62}},{"start":{"line":336,"column":62},"end":{"line":336,"column":62}}]},"4":{"line":342,"type":"if","locations":[{"start":{"line":342,"column":8},"end":{"line":342,"column":8}},{"start":{"line":342,"column":8},"end":{"line":342,"column":8}}]},"5":{"line":348,"type":"if","locations":[{"start":{"line":348,"column":68},"end":{"line":348,"column":68}},{"start":{"line":348,"column":68},"end":{"line":348,"column":68}}]},"6":{"line":363,"type":"if","locations":[{"start":{"line":363,"column":8},"end":{"line":363,"column":8}},{"start":{"line":363,"column":8},"end":{"line":363,"column":8}}]},"7":{"line":367,"type":"if","locations":[{"start":{"line":367,"column":8},"end":{"line":367,"column":8}},{"start":{"line":367,"column":8},"end":{"line":367,"column":8}}]},"8":{"line":368,"type":"if","locations":[{"start":{"line":368,"column":8},"end":{"line":368,"column":8}},{"start":{"line":368,"column":8},"end":{"line":368,"column":8}}]},"9":{"line":381,"type":"if","locations":[{"start":{"line":381,"column":56},"end":{"line":381,"column":56}},{"start":{"line":381,"column":56},"end":{"line":381,"column":56}}]},"10":{"line":387,"type":"if","locations":[{"start":{"line":387,"column":55},"end":{"line":387,"column":55}},{"start":{"line":387,"column":55},"end":{"line":387,"column":55}}]},"11":{"line":401,"type":"if","locations":[{"start":{"line":401,"column":8},"end":{"line":401,"column":8}},{"start":{"line":401,"column":8},"end":{"line":401,"column":8}}]},"12":{"line":403,"type":"if","locations":[{"start":{"line":403,"column":8},"end":{"line":403,"column":8}},{"start":{"line":403,"column":8},"end":{"line":403,"column":8}}]},"13":{"line":417,"type":"if","locations":[{"start":{"line":417,"column":8},"end":{"line":417,"column":8}},{"start":{"line":417,"column":8},"end":{"line":417,"column":8}}]},"14":{"line":418,"type":"if","locations":[{"start":{"line":418,"column":8},"end":{"line":418,"column":8}},{"start":{"line":418,"column":8},"end":{"line":418,"column":8}}]},"15":{"line":420,"type":"if","locations":[{"start":{"line":420,"column":8},"end":{"line":420,"column":8}},{"start":{"line":420,"column":8},"end":{"line":420,"column":8}}]},"16":{"line":428,"type":"if","locations":[{"start":{"line":428,"column":66},"end":{"line":428,"column":66}},{"start":{"line":428,"column":66},"end":{"line":428,"column":66}}]},"17":{"line":435,"type":"if","locations":[{"start":{"line":435,"column":62},"end":{"line":435,"column":62}},{"start":{"line":435,"column":62},"end":{"line":435,"column":62}}]},"18":{"line":441,"type":"if","locations":[{"start":{"line":441,"column":50},"end":{"line":441,"column":50}},{"start":{"line":441,"column":50},"end":{"line":441,"column":50}}]},"19":{"line":445,"type":"if","locations":[{"start":{"line":445,"column":53},"end":{"line":445,"column":53}},{"start":{"line":445,"column":53},"end":{"line":445,"column":53}}]},"20":{"line":459,"type":"if","locations":[{"start":{"line":459,"column":8},"end":{"line":459,"column":8}},{"start":{"line":459,"column":8},"end":{"line":459,"column":8}}]},"21":{"line":510,"type":"if","locations":[{"start":{"line":510,"column":8},"end":{"line":510,"column":8}},{"start":{"line":510,"column":8},"end":{"line":510,"column":8}}]},"22":{"line":520,"type":"if","locations":[{"start":{"line":520,"column":8},"end":{"line":520,"column":8}},{"start":{"line":520,"column":8},"end":{"line":520,"column":8}}]},"23":{"line":540,"type":"if","locations":[{"start":{"line":540,"column":8},"end":{"line":540,"column":8}},{"start":{"line":540,"column":8},"end":{"line":540,"column":8}}]},"24":{"line":541,"type":"if","locations":[{"start":{"line":541,"column":8},"end":{"line":541,"column":8}},{"start":{"line":541,"column":8},"end":{"line":541,"column":8}}]},"25":{"line":619,"type":"if","locations":[{"start":{"line":619,"column":13},"end":{"line":619,"column":13}},{"start":{"line":619,"column":13},"end":{"line":619,"column":13}}]},"26":{"line":647,"type":"if","locations":[{"start":{"line":647,"column":55},"end":{"line":647,"column":55}},{"start":{"line":647,"column":55},"end":{"line":647,"column":55}}]},"27":{"line":654,"type":"if","locations":[{"start":{"line":654,"column":8},"end":{"line":654,"column":8}},{"start":{"line":654,"column":8},"end":{"line":654,"column":8}}]},"28":{"line":658,"type":"if","locations":[{"start":{"line":658,"column":8},"end":{"line":658,"column":8}},{"start":{"line":658,"column":8},"end":{"line":658,"column":8}}]},"29":{"line":672,"type":"if","locations":[{"start":{"line":672,"column":8},"end":{"line":672,"column":8}},{"start":{"line":672,"column":8},"end":{"line":672,"column":8}}]},"30":{"line":673,"type":"if","locations":[{"start":{"line":673,"column":8},"end":{"line":673,"column":8}},{"start":{"line":673,"column":8},"end":{"line":673,"column":8}}]},"31":{"line":674,"type":"if","locations":[{"start":{"line":674,"column":8},"end":{"line":674,"column":8}},{"start":{"line":674,"column":8},"end":{"line":674,"column":8}}]},"32":{"line":678,"type":"if","locations":[{"start":{"line":678,"column":8},"end":{"line":678,"column":8}},{"start":{"line":678,"column":8},"end":{"line":678,"column":8}}]},"33":{"line":683,"type":"if","locations":[{"start":{"line":683,"column":8},"end":{"line":683,"column":8}},{"start":{"line":683,"column":8},"end":{"line":683,"column":8}}]},"34":{"line":684,"type":"if","locations":[{"start":{"line":684,"column":12},"end":{"line":684,"column":12}},{"start":{"line":684,"column":12},"end":{"line":684,"column":12}}]},"35":{"line":725,"type":"if","locations":[{"start":{"line":725,"column":8},"end":{"line":725,"column":8}},{"start":{"line":725,"column":8},"end":{"line":725,"column":8}}]},"36":{"line":727,"type":"if","locations":[{"start":{"line":727,"column":8},"end":{"line":727,"column":8}},{"start":{"line":727,"column":8},"end":{"line":727,"column":8}}]},"37":{"line":733,"type":"if","locations":[{"start":{"line":733,"column":8},"end":{"line":733,"column":8}},{"start":{"line":733,"column":8},"end":{"line":733,"column":8}}]},"38":{"line":776,"type":"if","locations":[{"start":{"line":776,"column":16},"end":{"line":776,"column":16}},{"start":{"line":776,"column":16},"end":{"line":776,"column":16}}]},"39":{"line":804,"type":"if","locations":[{"start":{"line":804,"column":12},"end":{"line":804,"column":12}},{"start":{"line":804,"column":12},"end":{"line":804,"column":12}}]},"40":{"line":817,"type":"if","locations":[{"start":{"line":817,"column":12},"end":{"line":817,"column":12}},{"start":{"line":817,"column":12},"end":{"line":817,"column":12}}]},"41":{"line":830,"type":"if","locations":[{"start":{"line":830,"column":8},"end":{"line":830,"column":8}},{"start":{"line":830,"column":8},"end":{"line":830,"column":8}}]},"42":{"line":838,"type":"if","locations":[{"start":{"line":838,"column":8},"end":{"line":838,"column":8}},{"start":{"line":838,"column":8},"end":{"line":838,"column":8}}]}}},"contracts\\interfaces\\IContract.sol":{"l":{},"path":"E:\\WORK\\House Business\\Off-smartcontract\\contracts\\interfaces\\IContract.sol","s":{},"b":{},"f":{},"fnMap":{},"statementMap":{},"branchMap":{}},"contracts\\interfaces\\IHouseBusiness.sol":{"l":{},"path":"E:\\WORK\\House Business\\Off-smartcontract\\contracts\\interfaces\\IHouseBusiness.sol","s":{},"b":{},"f":{},"fnMap":{},"statementMap":{},"branchMap":{}},"contracts\\interfaces\\IPRC20.sol":{"l":{},"path":"E:\\WORK\\House Business\\Off-smartcontract\\contracts\\interfaces\\IPRC20.sol","s":{},"b":{},"f":{},"fnMap":{},"statementMap":{},"branchMap":{}},"contracts\\interfaces\\IStaking.sol":{"l":{},"path":"E:\\WORK\\House Business\\Off-smartcontract\\contracts\\interfaces\\IStaking.sol","s":{},"b":{},"f":{},"fnMap":{},"statementMap":{},"branchMap":{}},"contracts\\Staking.sol":{"l":{"43":0,"44":0,"45":0,"46":0,"47":0,"48":0,"49":0,"50":0,"51":0,"52":0,"56":0,"57":0,"59":0,"64":0,"65":0,"67":0,"68":0,"70":0,"72":0,"74":0,"87":0,"89":0,"94":0,"95":0,"96":0,"97":0,"98":0,"99":0,"100":0,"101":0,"102":0,"105":0,"108":0,"109":0,"111":0,"114":0,"116":0,"117":0,"119":0,"123":0,"124":0,"125":0,"126":0,"128":0,"135":0,"136":0,"137":0,"139":0,"140":0,"141":0,"142":0,"143":0,"145":0,"146":0,"148":0,"152":0,"153":0,"157":0,"158":0,"159":0,"164":0,"165":0,"167":0,"171":0,"175":0,"180":0,"181":0,"182":0,"183":0,"186":0,"191":0,"192":0,"193":0,"195":0,"196":0,"197":0,"198":0,"199":0,"201":0,"202":0,"204":0,"211":0,"216":0,"221":0,"222":0,"223":0,"224":0,"225":0,"227":0},"path":"E:\\WORK\\House Business\\Off-smartcontract\\contracts\\Staking.sol","s":{"1":0,"2":0,"3":0,"4":0,"5":0,"6":0,"7":0,"8":0,"9":0,"10":0,"11":0,"12":0,"13":0,"14":0,"15":0,"16":0,"17":0,"18":0,"19":0,"20":0,"21":0,"22":0,"23":0,"24":0,"25":0,"26":0,"27":0,"28":0,"29":0,"30":0,"31":0,"32":0,"33":0,"34":0,"35":0,"36":0,"37":0,"38":0,"39":0,"40":0,"41":0,"42":0,"43":0,"44":0,"45":0,"46":0,"47":0,"48":0,"49":0,"50":0,"51":0,"52":0,"53":0,"54":0,"55":0,"56":0,"57":0,"58":0,"59":0,"60":0,"61":0,"62":0,"63":0,"64":0,"65":0,"66":0,"67":0,"68":0,"69":0},"b":{"1":[0,0],"2":[0,0],"3":[0,0],"4":[0,0],"5":[0,0],"6":[0,0],"7":[0,0],"8":[0,0],"9":[0,0],"10":[0,0],"11":[0,0],"12":[0,0],"13":[0,0],"14":[0,0],"15":[0,0]},"f":{"1":0,"2":0,"3":0,"4":0,"5":0,"6":0,"7":0,"8":0,"9":0,"10":0,"11":0,"12":0,"13":0},"fnMap":{"1":{"name":"constructor","line":42,"loc":{"start":{"line":42,"column":4},"end":{"line":53,"column":4}}},"2":{"name":"setAPYConfig","line":55,"loc":{"start":{"line":55,"column":4},"end":{"line":60,"column":4}}},"3":{"name":"stake","line":63,"loc":{"start":{"line":63,"column":4},"end":{"line":90,"column":4}}},"4":{"name":"unstake","line":93,"loc":{"start":{"line":93,"column":4},"end":{"line":120,"column":4}}},"5":{"name":"updateAPYConfig","line":122,"loc":{"start":{"line":122,"column":4},"end":{"line":131,"column":4}}},"6":{"name":"claimRewards","line":134,"loc":{"start":{"line":134,"column":4},"end":{"line":161,"column":4}}},"7":{"name":"setPenalty","line":163,"loc":{"start":{"line":163,"column":4},"end":{"line":168,"column":4}}},"8":{"name":"calcDiv","line":170,"loc":{"start":{"line":170,"column":4},"end":{"line":172,"column":4}}},"9":{"name":"getAllAPYTypes","line":174,"loc":{"start":{"line":174,"column":4},"end":{"line":176,"column":4}}},"10":{"name":"stakingFinished","line":179,"loc":{"start":{"line":179,"column":4},"end":{"line":187,"column":4}}},"11":{"name":"totalRewards","line":190,"loc":{"start":{"line":190,"column":4},"end":{"line":212,"column":4}}},"12":{"name":"getAllMyStakedNFTs","line":215,"loc":{"start":{"line":215,"column":4},"end":{"line":217,"column":4}}},"13":{"name":"getAllAPYs","line":220,"loc":{"start":{"line":220,"column":4},"end":{"line":228,"column":4}}}},"statementMap":{"1":{"start":{"line":43,"column":8},"end":{"line":43,"column":23}},"2":{"start":{"line":45,"column":8},"end":{"line":45,"column":23}},"3":{"start":{"line":47,"column":8},"end":{"line":47,"column":24}},"4":{"start":{"line":49,"column":8},"end":{"line":49,"column":24}},"5":{"start":{"line":57,"column":8},"end":{"line":57,"column":27}},"6":{"start":{"line":59,"column":8},"end":{"line":59,"column":54}},"7":{"start":{"line":64,"column":8},"end":{"line":64,"column":51}},"8":{"start":{"line":65,"column":8},"end":{"line":65,"column":70}},"9":{"start":{"line":67,"column":8},"end":{"line":67,"column":101}},"10":{"start":{"line":68,"column":8},"end":{"line":68,"column":78}},"11":{"start":{"line":70,"column":8},"end":{"line":70,"column":65}},"12":{"start":{"line":72,"column":8},"end":{"line":72,"column":61}},"13":{"start":{"line":74,"column":8},"end":{"line":74,"column":2590}},"14":{"start":{"line":87,"column":8},"end":{"line":87,"column":57}},"15":{"start":{"line":89,"column":8},"end":{"line":89,"column":75}},"16":{"start":{"line":94,"column":8},"end":{"line":94,"column":48}},"17":{"start":{"line":95,"column":8},"end":{"line":95,"column":37}},"18":{"start":{"line":96,"column":8},"end":{"line":96,"column":23}},"19":{"start":{"line":97,"column":8},"end":{"line":97,"column":3329}},"20":{"start":{"line":98,"column":12},"end":{"line":98,"column":3408}},"21":{"start":{"line":105,"column":8},"end":{"line":105,"column":56}},"22":{"start":{"line":108,"column":8},"end":{"line":108,"column":3752}},"23":{"start":{"line":109,"column":12},"end":{"line":109,"column":104}},"24":{"start":{"line":111,"column":12},"end":{"line":111,"column":35}},"25":{"start":{"line":114,"column":8},"end":{"line":114,"column":81}},"26":{"start":{"line":116,"column":8},"end":{"line":116,"column":76}},"27":{"start":{"line":119,"column":8},"end":{"line":119,"column":72}},"28":{"start":{"line":123,"column":8},"end":{"line":123,"column":80}},"29":{"start":{"line":124,"column":8},"end":{"line":124,"column":4407}},"30":{"start":{"line":125,"column":12},"end":{"line":125,"column":4469}},"31":{"start":{"line":128,"column":16},"end":{"line":128,"column":78}},"32":{"start":{"line":135,"column":8},"end":{"line":135,"column":74}},"33":{"start":{"line":136,"column":8},"end":{"line":136,"column":70}},"34":{"start":{"line":137,"column":8},"end":{"line":137,"column":35}},"35":{"start":{"line":139,"column":8},"end":{"line":139,"column":4934}},"36":{"start":{"line":140,"column":12},"end":{"line":140,"column":62}},"37":{"start":{"line":141,"column":12},"end":{"line":141,"column":5072}},"38":{"start":{"line":142,"column":16},"end":{"line":142,"column":60}},"39":{"start":{"line":143,"column":16},"end":{"line":143,"column":83}},"40":{"start":{"line":145,"column":16},"end":{"line":145,"column":99}},"41":{"start":{"line":146,"column":16},"end":{"line":146,"column":79}},"42":{"start":{"line":148,"column":16},"end":{"line":148,"column":5471}},"43":{"start":{"line":157,"column":8},"end":{"line":157,"column":5799}},"44":{"start":{"line":158,"column":12},"end":{"line":158,"column":74}},"45":{"start":{"line":159,"column":12},"end":{"line":159,"column":82}},"46":{"start":{"line":164,"column":8},"end":{"line":164,"column":80}},"47":{"start":{"line":167,"column":8},"end":{"line":167,"column":62}},"48":{"start":{"line":171,"column":8},"end":{"line":171,"column":32}},"49":{"start":{"line":175,"column":8},"end":{"line":175,"column":23}},"50":{"start":{"line":180,"column":8},"end":{"line":180,"column":35}},"51":{"start":{"line":181,"column":8},"end":{"line":181,"column":6606}},"52":{"start":{"line":182,"column":12},"end":{"line":182,"column":6685}},"53":{"start":{"line":186,"column":8},"end":{"line":186,"column":51}},"54":{"start":{"line":191,"column":8},"end":{"line":191,"column":70}},"55":{"start":{"line":192,"column":8},"end":{"line":192,"column":70}},"56":{"start":{"line":193,"column":8},"end":{"line":193,"column":35}},"57":{"start":{"line":195,"column":8},"end":{"line":195,"column":7178}},"58":{"start":{"line":196,"column":12},"end":{"line":196,"column":61}},"59":{"start":{"line":197,"column":12},"end":{"line":197,"column":7315}},"60":{"start":{"line":198,"column":16},"end":{"line":198,"column":60}},"61":{"start":{"line":199,"column":16},"end":{"line":199,"column":83}},"62":{"start":{"line":201,"column":16},"end":{"line":201,"column":99}},"63":{"start":{"line":202,"column":16},"end":{"line":202,"column":79}},"64":{"start":{"line":211,"column":8},"end":{"line":211,"column":30}},"65":{"start":{"line":216,"column":8},"end":{"line":216,"column":37}},"66":{"start":{"line":221,"column":8},"end":{"line":221,"column":64}},"67":{"start":{"line":222,"column":8},"end":{"line":222,"column":62}},"68":{"start":{"line":223,"column":8},"end":{"line":223,"column":8392}},"69":{"start":{"line":227,"column":8},"end":{"line":227,"column":29}}},"branchMap":{"1":{"line":67,"type":"if","locations":[{"start":{"line":67,"column":8},"end":{"line":67,"column":8}},{"start":{"line":67,"column":8},"end":{"line":67,"column":8}}]},"2":{"line":68,"type":"if","locations":[{"start":{"line":68,"column":8},"end":{"line":68,"column":8}},{"start":{"line":68,"column":8},"end":{"line":68,"column":8}}]},"3":{"line":94,"type":"if","locations":[{"start":{"line":94,"column":8},"end":{"line":94,"column":8}},{"start":{"line":94,"column":8},"end":{"line":94,"column":8}}]},"4":{"line":98,"type":"if","locations":[{"start":{"line":98,"column":12},"end":{"line":98,"column":12}},{"start":{"line":98,"column":12},"end":{"line":98,"column":12}}]},"5":{"line":105,"type":"if","locations":[{"start":{"line":105,"column":8},"end":{"line":105,"column":8}},{"start":{"line":105,"column":8},"end":{"line":105,"column":8}}]},"6":{"line":108,"type":"if","locations":[{"start":{"line":108,"column":8},"end":{"line":108,"column":8}},{"start":{"line":108,"column":8},"end":{"line":108,"column":8}}]},"7":{"line":123,"type":"if","locations":[{"start":{"line":123,"column":8},"end":{"line":123,"column":8}},{"start":{"line":123,"column":8},"end":{"line":123,"column":8}}]},"8":{"line":125,"type":"if","locations":[{"start":{"line":125,"column":12},"end":{"line":125,"column":12}},{"start":{"line":125,"column":12},"end":{"line":125,"column":12}}]},"9":{"line":141,"type":"if","locations":[{"start":{"line":141,"column":12},"end":{"line":141,"column":12}},{"start":{"line":141,"column":12},"end":{"line":141,"column":12}}]},"10":{"line":145,"type":"if","locations":[{"start":{"line":145,"column":71},"end":{"line":145,"column":85}},{"start":{"line":145,"column":89},"end":{"line":145,"column":98}}]},"11":{"line":157,"type":"if","locations":[{"start":{"line":157,"column":8},"end":{"line":157,"column":8}},{"start":{"line":157,"column":8},"end":{"line":157,"column":8}}]},"12":{"line":164,"type":"if","locations":[{"start":{"line":164,"column":8},"end":{"line":164,"column":8}},{"start":{"line":164,"column":8},"end":{"line":164,"column":8}}]},"13":{"line":182,"type":"if","locations":[{"start":{"line":182,"column":12},"end":{"line":182,"column":12}},{"start":{"line":182,"column":12},"end":{"line":182,"column":12}}]},"14":{"line":197,"type":"if","locations":[{"start":{"line":197,"column":12},"end":{"line":197,"column":12}},{"start":{"line":197,"column":12},"end":{"line":197,"column":12}}]},"15":{"line":201,"type":"if","locations":[{"start":{"line":201,"column":71},"end":{"line":201,"column":85}},{"start":{"line":201,"column":89},"end":{"line":201,"column":98}}]}}},"contracts\\ThirdParty.sol":{"l":{"41":0,"42":0,"43":0,"45":0,"49":0,"53":0,"54":0,"55":0,"59":0,"60":0,"64":0,"66":0,"67":0,"68":0,"69":0,"70":0,"73":0,"79":0,"82":0,"83":0,"86":0,"88":0,"89":0,"91":0,"95":0,"99":0,"104":0,"105":0,"106":0,"108":0,"119":0,"133":0,"135":0,"136":0,"137":0,"138":0,"139":0,"140":0,"141":0,"147":0,"149":0,"150":0,"151":0,"157":0,"158":0,"160":0},"path":"E:\\WORK\\House Business\\Off-smartcontract\\contracts\\ThirdParty.sol","s":{"1":0,"2":0,"3":0,"4":0,"5":0,"6":0,"7":0,"8":0,"9":0,"10":0,"11":0,"12":0,"13":0,"14":0,"15":0,"16":0,"17":0,"18":0,"19":0,"20":0,"21":0,"22":0,"23":0,"24":0,"25":0,"26":0,"27":0,"28":0},"b":{"1":[0,0],"2":[0,0],"3":[0,0],"4":[0,0],"5":[0,0],"6":[0,0]},"f":{"1":0,"2":0,"3":0,"4":0,"5":0,"6":0,"7":0,"8":0,"9":0,"10":0,"11":0,"12":0,"13":0},"fnMap":{"1":{"name":"getAllCategories","line":40,"loc":{"start":{"line":40,"column":4},"end":{"line":46,"column":4}}},"2":{"name":"addCategory","line":48,"loc":{"start":{"line":48,"column":4},"end":{"line":50,"column":4}}},"3":{"name":"editCategory","line":52,"loc":{"start":{"line":52,"column":4},"end":{"line":56,"column":4}}},"4":{"name":"deleteCategory","line":58,"loc":{"start":{"line":58,"column":4},"end":{"line":61,"column":4}}},"5":{"name":"getproperties","line":63,"loc":{"start":{"line":63,"column":4},"end":{"line":74,"column":4}}},"6":{"name":"addProperty","line":77,"loc":{"start":{"line":77,"column":4},"end":{"line":92,"column":4}}},"7":{"name":"editProperty","line":94,"loc":{"start":{"line":94,"column":4},"end":{"line":96,"column":4}}},"8":{"name":"deleteProperty","line":98,"loc":{"start":{"line":98,"column":4},"end":{"line":100,"column":4}}},"9":{"name":"getPackagesByCategory","line":103,"loc":{"start":{"line":103,"column":4},"end":{"line":109,"column":4}}},"10":{"name":"addPackage","line":111,"loc":{"start":{"line":111,"column":4},"end":{"line":122,"column":4}}},"11":{"name":"editPackage","line":124,"loc":{"start":{"line":124,"column":4},"end":{"line":144,"column":4}}},"12":{"name":"deletePackage","line":146,"loc":{"start":{"line":146,"column":4},"end":{"line":154,"column":4}}},"13":{"name":"isCompare","line":156,"loc":{"start":{"line":156,"column":4},"end":{"line":162,"column":4}}}},"statementMap":{"1":{"start":{"line":41,"column":8},"end":{"line":41,"column":68}},"2":{"start":{"line":42,"column":8},"end":{"line":42,"column":974}},"3":{"start":{"line":45,"column":8},"end":{"line":45,"column":23}},"4":{"start":{"line":49,"column":8},"end":{"line":49,"column":87}},"5":{"start":{"line":53,"column":8},"end":{"line":53,"column":63}},"6":{"start":{"line":64,"column":8},"end":{"line":64,"column":39}},"7":{"start":{"line":66,"column":8},"end":{"line":66,"column":21}},"8":{"start":{"line":67,"column":8},"end":{"line":67,"column":1880}},"9":{"start":{"line":68,"column":12},"end":{"line":68,"column":58}},"10":{"start":{"line":69,"column":12},"end":{"line":69,"column":2006}},"11":{"start":{"line":73,"column":8},"end":{"line":73,"column":28}},"12":{"start":{"line":79,"column":8},"end":{"line":79,"column":80}},"13":{"start":{"line":82,"column":8},"end":{"line":82,"column":2467}},"14":{"start":{"line":83,"column":12},"end":{"line":83,"column":100}},"15":{"start":{"line":86,"column":8},"end":{"line":86,"column":66}},"16":{"start":{"line":104,"column":8},"end":{"line":104,"column":82}},"17":{"start":{"line":105,"column":8},"end":{"line":105,"column":3311}},"18":{"start":{"line":108,"column":8},"end":{"line":108,"column":23}},"19":{"start":{"line":119,"column":8},"end":{"line":119,"column":3700}},"20":{"start":{"line":133,"column":8},"end":{"line":133,"column":71}},"21":{"start":{"line":135,"column":8},"end":{"line":135,"column":4194}},"22":{"start":{"line":136,"column":12},"end":{"line":136,"column":4266}},"23":{"start":{"line":147,"column":8},"end":{"line":147,"column":71}},"24":{"start":{"line":149,"column":8},"end":{"line":149,"column":4824}},"25":{"start":{"line":150,"column":12},"end":{"line":150,"column":4896}},"26":{"start":{"line":157,"column":8},"end":{"line":157,"column":5124}},"27":{"start":{"line":158,"column":12},"end":{"line":158,"column":23}},"28":{"start":{"line":160,"column":12},"end":{"line":160,"column":24}}},"branchMap":{"1":{"line":69,"type":"if","locations":[{"start":{"line":69,"column":12},"end":{"line":69,"column":12}},{"start":{"line":69,"column":12},"end":{"line":69,"column":12}}]},"2":{"line":79,"type":"if","locations":[{"start":{"line":79,"column":8},"end":{"line":79,"column":8}},{"start":{"line":79,"column":8},"end":{"line":79,"column":8}}]},"3":{"line":83,"type":"if","locations":[{"start":{"line":83,"column":12},"end":{"line":83,"column":12}},{"start":{"line":83,"column":12},"end":{"line":83,"column":12}}]},"4":{"line":136,"type":"if","locations":[{"start":{"line":136,"column":12},"end":{"line":136,"column":12}},{"start":{"line":136,"column":12},"end":{"line":136,"column":12}}]},"5":{"line":150,"type":"if","locations":[{"start":{"line":150,"column":12},"end":{"line":150,"column":12}},{"start":{"line":150,"column":12},"end":{"line":150,"column":12}}]},"6":{"line":157,"type":"if","locations":[{"start":{"line":157,"column":8},"end":{"line":157,"column":8}},{"start":{"line":157,"column":8},"end":{"line":157,"column":8}}]}}},"contracts\\TokenContract.sol":{"l":{"32":0,"36":0,"37":0,"52":0,"53":0,"54":0,"58":0,"59":0,"63":0,"67":0,"71":0,"75":0,"79":0,"83":0,"84":0,"88":0,"92":0,"93":0,"97":0,"99":0,"100":0,"101":0,"103":0,"107":0,"108":0,"112":0,"113":0,"114":0,"116":0,"120":0,"121":0,"123":0,"125":0,"126":0,"127":0,"128":0,"130":0,"134":0,"135":0,"136":0,"140":0,"142":0,"144":0,"145":0,"146":0,"147":0,"149":0,"153":0,"154":0,"156":0,"157":0},"path":"E:\\WORK\\House Business\\Off-smartcontract\\contracts\\TokenContract.sol","s":{"1":0,"2":0,"3":0,"4":0,"5":0,"6":0,"7":0,"8":0,"9":0,"10":0,"11":0,"12":0,"13":0,"14":0,"15":0,"16":0,"17":0,"18":0,"19":0,"20":0,"21":0,"22":0,"23":0,"24":0,"25":0,"26":0,"27":0,"28":0,"29":0,"30":0,"31":0,"32":0,"33":0,"34":0,"35":0,"36":0,"37":0,"38":0,"39":0},"b":{"1":[0,0],"2":[0,0],"3":[0,0],"4":[0,0],"5":[0,0],"6":[0,0],"7":[0,0],"8":[0,0],"9":[0,0],"10":[0,0],"11":[0,0]},"f":{"1":0,"2":0,"3":0,"4":0,"5":0,"6":0,"7":0,"8":0,"9":0,"10":0,"11":0,"12":0,"13":0,"14":0,"15":0,"16":0,"17":0,"18":0,"19":0,"20":0},"fnMap":{"1":{"name":"_msgSender","line":31,"loc":{"start":{"line":31,"column":4},"end":{"line":33,"column":4}}},"2":{"name":"_msgData","line":35,"loc":{"start":{"line":35,"column":4},"end":{"line":38,"column":4}}},"3":{"name":"constructor","line":51,"loc":{"start":{"line":51,"column":4},"end":{"line":55,"column":4}}},"4":{"name":"onlyOwner","line":57,"loc":{"start":{"line":57,"column":4},"end":{"line":60,"column":4}}},"5":{"name":"name","line":62,"loc":{"start":{"line":62,"column":4},"end":{"line":64,"column":4}}},"6":{"name":"symbol","line":66,"loc":{"start":{"line":66,"column":4},"end":{"line":68,"column":4}}},"7":{"name":"decimals","line":70,"loc":{"start":{"line":70,"column":4},"end":{"line":72,"column":4}}},"8":{"name":"totalSupply","line":74,"loc":{"start":{"line":74,"column":4},"end":{"line":76,"column":4}}},"9":{"name":"balanceOf","line":78,"loc":{"start":{"line":78,"column":4},"end":{"line":80,"column":4}}},"10":{"name":"transfer","line":82,"loc":{"start":{"line":82,"column":4},"end":{"line":85,"column":4}}},"11":{"name":"allowance","line":87,"loc":{"start":{"line":87,"column":4},"end":{"line":89,"column":4}}},"12":{"name":"approve","line":91,"loc":{"start":{"line":91,"column":4},"end":{"line":94,"column":4}}},"13":{"name":"transferFrom","line":96,"loc":{"start":{"line":96,"column":4},"end":{"line":104,"column":4}}},"14":{"name":"increaseAllowance","line":106,"loc":{"start":{"line":106,"column":4},"end":{"line":109,"column":4}}},"15":{"name":"decreaseAllowance","line":111,"loc":{"start":{"line":111,"column":4},"end":{"line":117,"column":4}}},"16":{"name":"_transfer","line":119,"loc":{"start":{"line":119,"column":4},"end":{"line":131,"column":4}}},"17":{"name":"_mint","line":133,"loc":{"start":{"line":133,"column":4},"end":{"line":137,"column":4}}},"18":{"name":"_burn","line":139,"loc":{"start":{"line":139,"column":4},"end":{"line":150,"column":4}}},"19":{"name":"_approve","line":152,"loc":{"start":{"line":152,"column":4},"end":{"line":158,"column":4}}},"20":{"name":"_beforeTokenTransfer","line":160,"loc":{"start":{"line":160,"column":4},"end":{"line":160,"column":94}}}},"statementMap":{"1":{"start":{"line":32,"column":8},"end":{"line":32,"column":25}},"2":{"start":{"line":37,"column":8},"end":{"line":37,"column":23}},"3":{"start":{"line":58,"column":8},"end":{"line":58,"column":69}},"4":{"start":{"line":63,"column":8},"end":{"line":63,"column":20}},"5":{"start":{"line":67,"column":8},"end":{"line":67,"column":22}},"6":{"start":{"line":71,"column":8},"end":{"line":71,"column":24}},"7":{"start":{"line":75,"column":8},"end":{"line":75,"column":27}},"8":{"start":{"line":79,"column":8},"end":{"line":79,"column":33}},"9":{"start":{"line":83,"column":8},"end":{"line":83,"column":49}},"10":{"start":{"line":84,"column":8},"end":{"line":84,"column":19}},"11":{"start":{"line":88,"column":8},"end":{"line":88,"column":42}},"12":{"start":{"line":92,"column":8},"end":{"line":92,"column":46}},"13":{"start":{"line":93,"column":8},"end":{"line":93,"column":19}},"14":{"start":{"line":97,"column":8},"end":{"line":97,"column":43}},"15":{"start":{"line":99,"column":8},"end":{"line":99,"column":68}},"16":{"start":{"line":100,"column":8},"end":{"line":100,"column":86}},"17":{"start":{"line":101,"column":8},"end":{"line":101,"column":64}},"18":{"start":{"line":103,"column":8},"end":{"line":103,"column":19}},"19":{"start":{"line":107,"column":8},"end":{"line":107,"column":87}},"20":{"start":{"line":108,"column":8},"end":{"line":108,"column":19}},"21":{"start":{"line":112,"column":8},"end":{"line":112,"column":69}},"22":{"start":{"line":113,"column":8},"end":{"line":113,"column":92}},"23":{"start":{"line":114,"column":8},"end":{"line":114,"column":74}},"24":{"start":{"line":116,"column":8},"end":{"line":116,"column":19}},"25":{"start":{"line":120,"column":8},"end":{"line":120,"column":77}},"26":{"start":{"line":121,"column":8},"end":{"line":121,"column":78}},"27":{"start":{"line":123,"column":8},"end":{"line":123,"column":54}},"28":{"start":{"line":125,"column":8},"end":{"line":125,"column":49}},"29":{"start":{"line":126,"column":8},"end":{"line":126,"column":81}},"30":{"start":{"line":130,"column":8},"end":{"line":130,"column":48}},"31":{"start":{"line":136,"column":8},"end":{"line":136,"column":50}},"32":{"start":{"line":140,"column":8},"end":{"line":140,"column":74}},"33":{"start":{"line":142,"column":8},"end":{"line":142,"column":56}},"34":{"start":{"line":144,"column":8},"end":{"line":144,"column":51}},"35":{"start":{"line":145,"column":8},"end":{"line":145,"column":78}},"36":{"start":{"line":149,"column":8},"end":{"line":149,"column":50}},"37":{"start":{"line":153,"column":8},"end":{"line":153,"column":75}},"38":{"start":{"line":154,"column":8},"end":{"line":154,"column":75}},"39":{"start":{"line":157,"column":8},"end":{"line":157,"column":45}}},"branchMap":{"1":{"line":58,"type":"if","locations":[{"start":{"line":58,"column":8},"end":{"line":58,"column":8}},{"start":{"line":58,"column":8},"end":{"line":58,"column":8}}]},"2":{"line":100,"type":"if","locations":[{"start":{"line":100,"column":8},"end":{"line":100,"column":8}},{"start":{"line":100,"column":8},"end":{"line":100,"column":8}}]},"3":{"line":113,"type":"if","locations":[{"start":{"line":113,"column":8},"end":{"line":113,"column":8}},{"start":{"line":113,"column":8},"end":{"line":113,"column":8}}]},"4":{"line":120,"type":"if","locations":[{"start":{"line":120,"column":8},"end":{"line":120,"column":8}},{"start":{"line":120,"column":8},"end":{"line":120,"column":8}}]},"5":{"line":121,"type":"if","locations":[{"start":{"line":121,"column":8},"end":{"line":121,"column":8}},{"start":{"line":121,"column":8},"end":{"line":121,"column":8}}]},"6":{"line":126,"type":"if","locations":[{"start":{"line":126,"column":8},"end":{"line":126,"column":8}},{"start":{"line":126,"column":8},"end":{"line":126,"column":8}}]},"7":{"line":133,"type":"if","locations":[{"start":{"line":133,"column":67},"end":{"line":133,"column":67}},{"start":{"line":133,"column":67},"end":{"line":133,"column":67}}]},"8":{"line":140,"type":"if","locations":[{"start":{"line":140,"column":8},"end":{"line":140,"column":8}},{"start":{"line":140,"column":8},"end":{"line":140,"column":8}}]},"9":{"line":145,"type":"if","locations":[{"start":{"line":145,"column":8},"end":{"line":145,"column":8}},{"start":{"line":145,"column":8},"end":{"line":145,"column":8}}]},"10":{"line":153,"type":"if","locations":[{"start":{"line":153,"column":8},"end":{"line":153,"column":8}},{"start":{"line":153,"column":8},"end":{"line":153,"column":8}}]},"11":{"line":154,"type":"if","locations":[{"start":{"line":154,"column":8},"end":{"line":154,"column":8}},{"start":{"line":154,"column":8},"end":{"line":154,"column":8}}]}}}}